{
  "stats": {
    "suites": 1,
    "tests": 1,
    "passes": 1,
    "pending": 0,
    "failures": 0,
    "start": "2022-10-12T12:30:53.127Z",
    "end": "2022-10-12T12:31:03.063Z",
    "duration": 9936,
    "testsRegistered": 1,
    "passPercent": 100,
    "pendingPercent": 0,
    "other": 0,
    "hasOther": false,
    "skipped": 0,
    "hasSkipped": false
  },
  "results": [
    {
      "uuid": "fda6b551-56dd-45f1-a570-f02d7fdfcf19",
      "title": "",
      "fullFile": "cypress\\e2e\\dragandDropDemo.spec.cy.js",
      "file": "cypress\\e2e\\dragandDropDemo.spec.cy.js",
      "beforeHooks": [],
      "afterHooks": [],
      "tests": [],
      "suites": [
        {
          "uuid": "f1121c8f-a5a9-409c-b61d-490cc3c9c1fd",
          "title": "Drag and Drop",
          "fullFile": "",
          "file": "",
          "beforeHooks": [],
          "afterHooks": [],
          "tests": [
            {
              "title": "should drag and drop",
              "fullTitle": "Drag and Drop should drag and drop",
              "timedOut": null,
              "duration": 5673,
              "state": "passed",
              "speed": "medium",
              "pass": true,
              "fail": false,
              "pending": false,
              "context": null,
              "code": "cy.visit(Cypress.env('UploadURL'));\ndragAndDrop.checkTitle();\ndragAndDrop.clickDragLink();\ndragAndDrop.dragElement();\ndragAndDrop.dropElement();\ndragAndDrop.checkValidation();",
              "err": {},
              "uuid": "6c820025-1297-4491-9a1f-abca9875b5e6",
              "parentUUID": "f1121c8f-a5a9-409c-b61d-490cc3c9c1fd",
              "isHook": false,
              "skipped": false
            }
          ],
          "suites": [],
          "passes": [
            "6c820025-1297-4491-9a1f-abca9875b5e6"
          ],
          "failures": [],
          "pending": [],
          "skipped": [],
          "duration": 5673,
          "root": false,
          "rootEmpty": false,
          "_timeout": 2000
        }
      ],
      "passes": [],
      "failures": [],
      "pending": [],
      "skipped": [],
      "duration": 0,
      "root": true,
      "rootEmpty": true,
      "_timeout": 2000
    }
  ],
  "meta": {
    "mocha": {
      "version": "7.0.1"
    },
    "mochawesome": {
      "options": {
        "quiet": false,
        "reportFilename": "report",
        "saveHtml": true,
        "saveJson": true,
        "consoleReporter": "spec",
        "useInlineDiffs": false,
        "code": true
      },
      "version": "7.1.3"
    },
    "marge": {
      "options": {
        "reportDir": "cypress/results",
        "reportFilename": "report",
        "overwrite": false,
        "html": true,
        "json": true,
        "charts": true
      },
      "version": "6.2.0"
    }
  }
}