{
  "stats": {
    "suites": 1,
    "tests": 1,
    "passes": 0,
    "pending": 0,
    "failures": 1,
    "start": "2022-10-12T12:13:04.677Z",
    "end": "2022-10-12T12:13:04.929Z",
    "duration": 252,
    "testsRegistered": 1,
    "passPercent": 0,
    "pendingPercent": 0,
    "other": 0,
    "hasOther": false,
    "skipped": 0,
    "hasSkipped": false
  },
  "results": [
    {
      "uuid": "8b218170-a04c-4d00-9a53-3ae055773ccf",
      "title": "",
      "fullFile": "cypress\\e2e\\fileUploadDemo.spec.cy.js",
      "file": "cypress\\e2e\\fileUploadDemo.spec.cy.js",
      "beforeHooks": [],
      "afterHooks": [],
      "tests": [],
      "suites": [
        {
          "uuid": "5b292061-1064-4ee1-8b2b-0cb9fb226b62",
          "title": "Upload Tests",
          "fullFile": "",
          "file": "",
          "beforeHooks": [],
          "afterHooks": [],
          "tests": [
            {
              "title": "upload file",
              "fullTitle": "Upload Tests upload file",
              "timedOut": null,
              "duration": 183,
              "state": "failed",
              "speed": null,
              "pass": false,
              "fail": true,
              "pending": false,
              "context": null,
              "code": "cy.visit(Cypress.env('UploadURL'));\nfileUploadDemo.checkTitle();\nfileUploadDemo.clickFileUploadHome();\nfileUploadDemo.clickFileUpload();\nfileUploadDemo.clickFileSubmit();",
              "err": {
                "message": "TypeError: cy.get(...).attachFile is not a function",
                "estack": "TypeError: cy.get(...).attachFile is not a function\n    at FileUploadDemo.clickFileUpload (webpack:///./cypress/support/PageObjects/fileUploadDemo.po.js:15:41)\n    at Context.eval (webpack:///./cypress/e2e/fileUploadDemo.spec.cy.js:12:19)",
                "diff": null
              },
              "uuid": "db21832d-398e-4b18-ae52-2485c8e12043",
              "parentUUID": "5b292061-1064-4ee1-8b2b-0cb9fb226b62",
              "isHook": false,
              "skipped": false
            }
          ],
          "suites": [],
          "passes": [],
          "failures": [
            "db21832d-398e-4b18-ae52-2485c8e12043"
          ],
          "pending": [],
          "skipped": [],
          "duration": 183,
          "root": false,
          "rootEmpty": false,
          "_timeout": 2000
        }
      ],
      "passes": [],
      "failures": [],
      "pending": [],
      "skipped": [],
      "duration": 0,
      "root": true,
      "rootEmpty": true,
      "_timeout": 2000
    }
  ],
  "meta": {
    "mocha": {
      "version": "7.0.1"
    },
    "mochawesome": {
      "options": {
        "quiet": false,
        "reportFilename": "report",
        "saveHtml": true,
        "saveJson": true,
        "consoleReporter": "spec",
        "useInlineDiffs": false,
        "code": true
      },
      "version": "7.1.3"
    },
    "marge": {
      "options": {
        "reportDir": "cypress/results",
        "reportFilename": "report",
        "overwrite": false,
        "html": true,
        "json": true,
        "charts": true
      },
      "version": "6.2.0"
    }
  }
}