{
  "stats": {
    "suites": 1,
    "tests": 1,
    "passes": 0,
    "pending": 0,
    "failures": 1,
    "start": "2022-10-12T12:31:07.892Z",
    "end": "2022-10-12T12:31:08.163Z",
    "duration": 271,
    "testsRegistered": 1,
    "passPercent": 0,
    "pendingPercent": 0,
    "other": 0,
    "hasOther": false,
    "skipped": 0,
    "hasSkipped": false
  },
  "results": [
    {
      "uuid": "fa027a13-9c6a-45c5-addb-4fe9a895c215",
      "title": "",
      "fullFile": "cypress\\e2e\\fileUploadDemo.spec.cy.js",
      "file": "cypress\\e2e\\fileUploadDemo.spec.cy.js",
      "beforeHooks": [],
      "afterHooks": [],
      "tests": [],
      "suites": [
        {
          "uuid": "b1c032d3-ea48-4fe5-bbe5-04094044a5c7",
          "title": "Upload Tests",
          "fullFile": "",
          "file": "",
          "beforeHooks": [],
          "afterHooks": [],
          "tests": [
            {
              "title": "upload file",
              "fullTitle": "Upload Tests upload file",
              "timedOut": null,
              "duration": 182,
              "state": "failed",
              "speed": null,
              "pass": false,
              "fail": true,
              "pending": false,
              "context": null,
              "code": "cy.visit(Cypress.env('UploadURL'));\nfileUploadDemo.checkTitle();\nfileUploadDemo.clickFileUploadHome();\nfileUploadDemo.clickFileUpload();\nfileUploadDemo.clickFileSubmit();",
              "err": {
                "message": "TypeError: cy.get(...).attachFile is not a function",
                "estack": "TypeError: cy.get(...).attachFile is not a function\n    at FileUploadDemo.clickFileUpload (webpack:///./cypress/support/PageObjects/fileUploadDemo.po.js:15:41)\n    at Context.eval (webpack:///./cypress/e2e/fileUploadDemo.spec.cy.js:12:19)",
                "diff": null
              },
              "uuid": "f6211e5e-7890-44fc-bd74-b062216f710a",
              "parentUUID": "b1c032d3-ea48-4fe5-bbe5-04094044a5c7",
              "isHook": false,
              "skipped": false
            }
          ],
          "suites": [],
          "passes": [],
          "failures": [
            "f6211e5e-7890-44fc-bd74-b062216f710a"
          ],
          "pending": [],
          "skipped": [],
          "duration": 182,
          "root": false,
          "rootEmpty": false,
          "_timeout": 2000
        }
      ],
      "passes": [],
      "failures": [],
      "pending": [],
      "skipped": [],
      "duration": 0,
      "root": true,
      "rootEmpty": true,
      "_timeout": 2000
    }
  ],
  "meta": {
    "mocha": {
      "version": "7.0.1"
    },
    "mochawesome": {
      "options": {
        "quiet": false,
        "reportFilename": "report",
        "saveHtml": true,
        "saveJson": true,
        "consoleReporter": "spec",
        "useInlineDiffs": false,
        "code": true
      },
      "version": "7.1.3"
    },
    "marge": {
      "options": {
        "reportDir": "cypress/results",
        "reportFilename": "report",
        "overwrite": false,
        "html": true,
        "json": true,
        "charts": true
      },
      "version": "6.2.0"
    }
  }
}